<?xml version="1.0" encoding="UTF-8"?>
<testng-results skipped="0" failed="1" ignored="0" total="2" passed="1">
  <reporter-output>
  </reporter-output>
  <suite name="OrangeHR" duration-ms="67088" started-at="2023-05-22T13:14:23 IST" finished-at="2023-05-22T13:15:30 IST">
    <groups>
    </groups>
    <test name="Orange hr test" duration-ms="67088" started-at="2023-05-22T13:14:23 IST" finished-at="2023-05-22T13:15:30 IST">
      <class name="com.orangeHr.testCases.TC_AddNatioanlities_003">
        <test-method status="PASS" signature="setup(java.lang.String)[pri:0, instance:com.orangeHr.testCases.TC_AddNatioanlities_003@24a35978]" name="setup" is-config="true" duration-ms="9919" started-at="2023-05-22T13:14:48 IST" finished-at="2023-05-22T13:14:58 IST">
          <params>
            <param index="0">
              <value>
                <![CDATA[chrome]]>
              </value>
            </param>
          </params>
          <reporter-output>
          </reporter-output>
        </test-method> <!-- setup -->
        <test-method status="FAIL" signature="addNationality()[pri:0, instance:com.orangeHr.testCases.TC_AddNatioanlities_003@24a35978]" name="addNationality" duration-ms="31074" started-at="2023-05-22T13:14:58 IST" finished-at="2023-05-22T13:15:29 IST">
          <exception class="java.lang.AssertionError">
            <message>
              <![CDATA[expected [true] but found [false]]]>
            </message>
            <full-stacktrace>
              <![CDATA[java.lang.AssertionError: expected [true] but found [false]
at org.testng.Assert.fail(Assert.java:99)
at org.testng.Assert.failNotEquals(Assert.java:1037)
at org.testng.Assert.assertTrue(Assert.java:45)
at org.testng.Assert.assertTrue(Assert.java:55)
at com.orangeHr.testCases.TC_AddNatioanlities_003.addNationality(TC_AddNatioanlities_003.java:51)
at sun.reflect.NativeMethodAccessorImpl.invoke0(Native Method)
at sun.reflect.NativeMethodAccessorImpl.invoke(NativeMethodAccessorImpl.java:62)
at sun.reflect.DelegatingMethodAccessorImpl.invoke(DelegatingMethodAccessorImpl.java:43)
at java.lang.reflect.Method.invoke(Method.java:498)
at org.testng.internal.MethodInvocationHelper.invokeMethod(MethodInvocationHelper.java:133)
at org.testng.internal.TestInvoker.invokeMethod(TestInvoker.java:598)
at org.testng.internal.TestInvoker.invokeTestMethod(TestInvoker.java:173)
at org.testng.internal.MethodRunner.runInSequence(MethodRunner.java:46)
at org.testng.internal.TestInvoker$MethodInvocationAgent.invoke(TestInvoker.java:824)
at org.testng.internal.TestInvoker.invokeTestMethods(TestInvoker.java:146)
at org.testng.internal.TestMethodWorker.invokeTestMethods(TestMethodWorker.java:146)
at org.testng.internal.TestMethodWorker.run(TestMethodWorker.java:128)
at java.util.ArrayList.forEach(ArrayList.java:1259)
at org.testng.TestRunner.privateRun(TestRunner.java:794)
at org.testng.TestRunner.run(TestRunner.java:596)
at org.testng.SuiteRunner.runTest(SuiteRunner.java:377)
at org.testng.SuiteRunner.runSequentially(SuiteRunner.java:371)
at org.testng.SuiteRunner.privateRun(SuiteRunner.java:332)
at org.testng.SuiteRunner.run(SuiteRunner.java:276)
at org.testng.SuiteRunnerWorker.runSuite(SuiteRunnerWorker.java:53)
at org.testng.SuiteRunnerWorker.run(SuiteRunnerWorker.java:96)
at org.testng.TestNG.runSuitesSequentially(TestNG.java:1212)
at org.testng.TestNG.runSuitesLocally(TestNG.java:1134)
at org.testng.TestNG.runSuites(TestNG.java:1063)
at org.testng.TestNG.run(TestNG.java:1031)
at org.testng.remote.AbstractRemoteTestNG.run(AbstractRemoteTestNG.java:115)
at org.testng.remote.RemoteTestNG.initAndRun(RemoteTestNG.java:251)
at org.testng.remote.RemoteTestNG.main(RemoteTestNG.java:77)
]]>
            </full-stacktrace>
          </exception> <!-- java.lang.AssertionError -->
          <reporter-output>
          </reporter-output>
        </test-method> <!-- addNationality -->
        <test-method status="PASS" signature="tearDown()[pri:0, instance:com.orangeHr.testCases.TC_AddNatioanlities_003@24a35978]" name="tearDown" is-config="true" duration-ms="1247" started-at="2023-05-22T13:15:29 IST" finished-at="2023-05-22T13:15:30 IST">
          <reporter-output>
          </reporter-output>
        </test-method> <!-- tearDown -->
      </class> <!-- com.orangeHr.testCases.TC_AddNatioanlities_003 -->
      <class name="com.orangeHr.testCases.TC_LoginTest_001">
        <test-method status="PASS" signature="setup(java.lang.String)[pri:0, instance:com.orangeHr.testCases.TC_LoginTest_001@77846d2c]" name="setup" is-config="true" duration-ms="20229" started-at="2023-05-22T13:14:24 IST" finished-at="2023-05-22T13:14:44 IST">
          <params>
            <param index="0">
              <value>
                <![CDATA[chrome]]>
              </value>
            </param>
          </params>
          <reporter-output>
          </reporter-output>
        </test-method> <!-- setup -->
        <test-method status="PASS" signature="loginTest()[pri:0, instance:com.orangeHr.testCases.TC_LoginTest_001@77846d2c]" name="loginTest" duration-ms="3322" started-at="2023-05-22T13:14:44 IST" finished-at="2023-05-22T13:14:47 IST">
          <reporter-output>
          </reporter-output>
        </test-method> <!-- loginTest -->
        <test-method status="PASS" signature="tearDown()[pri:0, instance:com.orangeHr.testCases.TC_LoginTest_001@77846d2c]" name="tearDown" is-config="true" duration-ms="757" started-at="2023-05-22T13:14:47 IST" finished-at="2023-05-22T13:14:48 IST">
          <reporter-output>
          </reporter-output>
        </test-method> <!-- tearDown -->
      </class> <!-- com.orangeHr.testCases.TC_LoginTest_001 -->
    </test> <!-- Orange hr test -->
  </suite> <!-- OrangeHR -->
</testng-results>
